[debug] [2021-04-21T10:00:57.832Z] ----------------------------------------------------------------------
[debug] [2021-04-21T10:00:57.834Z] Command:       /usr/local/bin/node /usr/local/bin/firebase deploy
[debug] [2021-04-21T10:00:57.835Z] CLI Version:   9.10.0
[debug] [2021-04-21T10:00:57.835Z] Platform:      darwin
[debug] [2021-04-21T10:00:57.835Z] Node Version:  v14.5.0
[debug] [2021-04-21T10:00:57.855Z] Time:          Wed Apr 21 2021 16:00:57 GMT+0600 (Bangladesh Standard Time)
[debug] [2021-04-21T10:00:57.855Z] ----------------------------------------------------------------------
[debug] 
[debug] [2021-04-21T10:00:57.864Z] > command requires scopes: ["email","openid","https://www.googleapis.com/auth/cloudplatformprojects.readonly","https://www.googleapis.com/auth/firebase","https://www.googleapis.com/auth/cloud-platform"]
[debug] [2021-04-21T10:00:57.864Z] > authorizing via signed-in user (shahedxxaman@gmail.com)
[debug] [2021-04-21T10:00:57.865Z] [iam] checking project repair-guru-sz for permissions ["firebase.projects.get","firebasehosting.sites.update"]
[debug] [2021-04-21T10:00:57.868Z] > refreshing access token with scopes: ["email","https://www.googleapis.com/auth/cloud-platform","https://www.googleapis.com/auth/cloudplatformprojects.readonly","https://www.googleapis.com/auth/firebase","openid"]
[debug] [2021-04-21T10:00:57.869Z] >>> HTTP REQUEST POST https://www.googleapis.com/oauth2/v3/token  
 <request body omitted>
[debug] [2021-04-21T10:00:58.564Z] <<< HTTP RESPONSE 200 {"cache-control":"no-cache, no-store, max-age=0, must-revalidate","date":"Wed, 21 Apr 2021 10:00:58 GMT","pragma":"no-cache","expires":"Mon, 01 Jan 1990 00:00:00 GMT","content-type":"application/json; charset=utf-8","vary":"X-Origin, Referer, Origin,Accept-Encoding","server":"scaffolding on HTTPServer2","x-xss-protection":"0","x-frame-options":"SAMEORIGIN","x-content-type-options":"nosniff","alt-svc":"h3-29=\":443\"; ma=2592000,h3-T051=\":443\"; ma=2592000,h3-Q050=\":443\"; ma=2592000,h3-Q046=\":443\"; ma=2592000,h3-Q043=\":443\"; ma=2592000,quic=\":443\"; ma=2592000; v=\"46,43\"","accept-ranges":"none","transfer-encoding":"chunked"}
[debug] [2021-04-21T10:00:58.596Z] >>> HTTP REQUEST POST https://cloudresourcemanager.googleapis.com/v1/projects/repair-guru-sz:testIamPermissions  
 {"permissions":["firebase.projects.get","firebasehosting.sites.update"]}
[debug] [2021-04-21T10:01:00.350Z] <<< HTTP RESPONSE 200 {"content-type":"application/json; charset=UTF-8","vary":"X-Origin, Referer, Origin,Accept-Encoding","date":"Wed, 21 Apr 2021 10:01:00 GMT","server":"ESF","cache-control":"private","x-xss-protection":"0","x-frame-options":"SAMEORIGIN","x-content-type-options":"nosniff","server-timing":"gfet4t7; dur=1185","alt-svc":"h3-29=\":443\"; ma=2592000,h3-T051=\":443\"; ma=2592000,h3-Q050=\":443\"; ma=2592000,h3-Q046=\":443\"; ma=2592000,h3-Q043=\":443\"; ma=2592000,quic=\":443\"; ma=2592000; v=\"46,43\"","accept-ranges":"none","transfer-encoding":"chunked"}
[debug] [2021-04-21T10:01:00.352Z] > refreshing access token with scopes: []
[debug] [2021-04-21T10:01:00.352Z] >>> HTTP REQUEST POST https://www.googleapis.com/oauth2/v3/token  
 <request body omitted>
[debug] [2021-04-21T10:01:00.769Z] <<< HTTP RESPONSE 200 {"expires":"Mon, 01 Jan 1990 00:00:00 GMT","pragma":"no-cache","date":"Wed, 21 Apr 2021 10:01:00 GMT","cache-control":"no-cache, no-store, max-age=0, must-revalidate","content-type":"application/json; charset=utf-8","vary":"X-Origin, Referer, Origin,Accept-Encoding","server":"scaffolding on HTTPServer2","x-xss-protection":"0","x-frame-options":"SAMEORIGIN","x-content-type-options":"nosniff","alt-svc":"h3-29=\":443\"; ma=2592000,h3-T051=\":443\"; ma=2592000,h3-Q050=\":443\"; ma=2592000,h3-Q046=\":443\"; ma=2592000,h3-Q043=\":443\"; ma=2592000,quic=\":443\"; ma=2592000; v=\"46,43\"","accept-ranges":"none","transfer-encoding":"chunked"}
[debug] [2021-04-21T10:01:00.802Z] >>> [apiv2][query] GET https://firebase.googleapis.com/v1beta1/projects/repair-guru-sz [none]
[debug] [2021-04-21T10:01:01.699Z] <<< [apiv2][status] GET https://firebase.googleapis.com/v1beta1/projects/repair-guru-sz 200
[debug] [2021-04-21T10:01:01.699Z] <<< [apiv2][body] GET https://firebase.googleapis.com/v1beta1/projects/repair-guru-sz {"projectId":"repair-guru-sz","projectNumber":"975047053051","displayName":"repair-guru","name":"projects/repair-guru-sz","resources":{"hostingSite":"repair-guru-sz"},"state":"ACTIVE"}
[info] 
[info] === Deploying to 'repair-guru-sz'...
[info] 
[info] i  deploying hosting 
[debug] [2021-04-21T10:01:01.703Z] > refreshing access token with scopes: ["email","https://www.googleapis.com/auth/cloud-platform","https://www.googleapis.com/auth/cloudplatformprojects.readonly","https://www.googleapis.com/auth/firebase","openid"]
[debug] [2021-04-21T10:01:01.703Z] >>> HTTP REQUEST POST https://www.googleapis.com/oauth2/v3/token  
 <request body omitted>
[debug] [2021-04-21T10:01:02.106Z] <<< HTTP RESPONSE 200 {"pragma":"no-cache","cache-control":"no-cache, no-store, max-age=0, must-revalidate","expires":"Mon, 01 Jan 1990 00:00:00 GMT","date":"Wed, 21 Apr 2021 10:01:02 GMT","content-type":"application/json; charset=utf-8","vary":"X-Origin, Referer, Origin,Accept-Encoding","server":"scaffolding on HTTPServer2","x-xss-protection":"0","x-frame-options":"SAMEORIGIN","x-content-type-options":"nosniff","alt-svc":"h3-29=\":443\"; ma=2592000,h3-T051=\":443\"; ma=2592000,h3-Q050=\":443\"; ma=2592000,h3-Q046=\":443\"; ma=2592000,h3-Q043=\":443\"; ma=2592000,quic=\":443\"; ma=2592000; v=\"46,43\"","accept-ranges":"none","transfer-encoding":"chunked"}
[debug] [2021-04-21T10:01:02.138Z] >>> HTTP REQUEST POST https://firebasehosting.googleapis.com/v1beta1/sites/repair-guru-sz/versions  
 {"config":{},"labels":{"deployment-tool":"cli-firebase"}}
[debug] [2021-04-21T10:01:04.344Z] <<< HTTP RESPONSE 200 {"content-type":"application/json; charset=UTF-8","vary":"X-Origin, Referer, Origin,Accept-Encoding","date":"Wed, 21 Apr 2021 10:01:04 GMT","server":"ESF","cache-control":"private","x-xss-protection":"0","x-frame-options":"SAMEORIGIN","x-content-type-options":"nosniff","alt-svc":"h3-29=\":443\"; ma=2592000,h3-T051=\":443\"; ma=2592000,h3-Q050=\":443\"; ma=2592000,h3-Q046=\":443\"; ma=2592000,h3-Q043=\":443\"; ma=2592000,quic=\":443\"; ma=2592000; v=\"46,43\"","accept-ranges":"none","transfer-encoding":"chunked"}
[info] i  hosting[repair-guru-sz]: beginning deploy... 
[info] i  hosting[repair-guru-sz]: found 29 files in build 
[debug] [2021-04-21T10:01:04.374Z] > refreshing access token with scopes: []
[debug] [2021-04-21T10:01:04.374Z] >>> HTTP REQUEST POST https://www.googleapis.com/oauth2/v3/token  
 <request body omitted>
[debug] [2021-04-21T10:01:04.376Z] [hosting] hash cache [YnVpbGQ] stored for 29 files
[debug] [2021-04-21T10:01:04.376Z] [hosting][hash queue][FINAL] {"max":3,"min":0,"avg":0,"active":0,"complete":29,"success":29,"errored":0,"retried":0,"total":29,"elapsed":6}
[debug] [2021-04-21T10:01:04.805Z] <<< HTTP RESPONSE 200 {"date":"Wed, 21 Apr 2021 10:01:04 GMT","cache-control":"no-cache, no-store, max-age=0, must-revalidate","pragma":"no-cache","expires":"Mon, 01 Jan 1990 00:00:00 GMT","content-type":"application/json; charset=utf-8","vary":"X-Origin, Referer, Origin,Accept-Encoding","server":"scaffolding on HTTPServer2","x-xss-protection":"0","x-frame-options":"SAMEORIGIN","x-content-type-options":"nosniff","alt-svc":"h3-29=\":443\"; ma=2592000,h3-T051=\":443\"; ma=2592000,h3-Q050=\":443\"; ma=2592000,h3-Q046=\":443\"; ma=2592000,h3-Q043=\":443\"; ma=2592000,quic=\":443\"; ma=2592000; v=\"46,43\"","accept-ranges":"none","transfer-encoding":"chunked"}
[debug] [2021-04-21T10:01:04.847Z] >>> [apiv2][query] POST https://firebasehosting.googleapis.com/v1beta1/sites/repair-guru-sz/versions/97ad8a7e86fba2ff:populateFiles [none]
[debug] [2021-04-21T10:01:04.848Z] >>> [apiv2][body] POST https://firebasehosting.googleapis.com/v1beta1/sites/repair-guru-sz/versions/97ad8a7e86fba2ff:populateFiles {"files":{"/404.html":"05cbc6f94d7a69ce2e29646eab13be2c884e61ba93e3094df5028866876d18b3","/asset-manifest.json":"aed9d267407ab90076d4f83071d253a199abf65b2cbd6c58371997a5c07d26bb","/favicon.ico":"b72f7455f00e4e58792d2bca892abb068e2213838c0316d6b7a0d6d16acd1955","/index.html":"a9ce904b660f86f5ebb571944adf9830f447990f7ab7881801a22b80b7ca3950","/logo192.png":"caff018b7f1e8fd481eb1c50d75b0ef236bcd5078b1d15c8bb348453fee30293","/logo512.png":"191fc21360b4ccfb1cda11a1efb97f489ed22672ca83f4064316802bbfdd750e","/manifest.json":"341d52628782f8ac9290bbfc43298afccb47b7cbfcee146ae30cf0f46bc30900","/robots.txt":"391d14b3c2f8c9143a27a28c7399585142228d4d1bdbe2c87ac946de411fa9a2","/static/css/2.150d169a.chunk.css":"e6b89950600b360615a024fc2d40b79d2c3e4f5dbb468a09dbc25428ce03faa0","/static/css/2.150d169a.chunk.css.map":"531e7ad7fb2ff5655b8750f163b310d432052eb8fde783190ca84ace9512172e","/static/css/main.1fa709e4.chunk.css":"9f069fe15279b919c5b11c274c254b7eb86475a59a917c566a37f0bd22d4d3d8","/static/css/main.1fa709e4.chunk.css.map":"dc88f2fa0fbc6dbf566982e0c183b1f53ee6f955eaef74657b35107bf30c90b0","/static/js/2.a992a38b.chunk.js":"8ec8a6853b050dcfdea093db851563222b62c973289a08f4b441ae7e9023981e","/static/js/2.a992a38b.chunk.js.LICENSE.txt":"53ba351a73d5dd8bbe1631cf02777711af4950385ee38eb659d7ba65666569ce","/static/js/2.a992a38b.chunk.js.map":"476eb2514eab5501a8ebf55997375ff1fd8f891f88d99f49aea11501031df9a2","/static/js/3.ec4d8e3b.chunk.js":"3e2bdd9c2a9c830e9310b294b65bce1571d541db3940e0ee0584cb1cadaa562a","/static/js/3.ec4d8e3b.chunk.js.map":"af3876c1eb6434bf1e947a025beed8079b35d75b0b451117e8fe9bb8fa914ff5","/static/js/main.6de9f4fe.chunk.js":"460221d5212b40ccfad8b2bff2afd61ca00ae241be89728e7477d9386c07531a","/static/js/main.6de9f4fe.chunk.js.map":"524b50d15207c11c3e0610c6d3b0ad0d0ced818bd10df9048d5f2667fece3b50","/static/js/runtime-main.7aee0ede.js":"7d1d8ae0a329df9549de6db88d96602bd8e6d9ab78997039a2bcc53f2150f60f","/static/js/runtime-main.7aee0ede.js.map":"3e8e7c78d4342faf2ea8cae73b81da94aec9f575e1f62a03393e7d7ef363691b","/static/media/appointment.b102b7e4.jpg":"19498cc608712c78a76d658f1b1de90d1e9d25542ba909687d4fbe448488093b","/static/media/appointmentBg.2eadc9a9.png":"024474fa413ef9a6da7249a506fde3e69897b33a72ae926c96cb824f8e5f7add","/static/media/footer-bg.f9bdf3e5.png":"27358f6cef85fc35e4fad6063908b63f1a55940685d2523d3e62584d29ab03a7","/static/media/loginBg.01849878.jpg":"c06f7e442df4811f7e50631e575cd2c2dfd394d7d22fa5fd1177a78d0166c9f0","/static/media/repair-bg.441b44f9.jpg":"636c6d8cf0e1b5e05ecfc618e5d1b14e2d9f849af004df1fb0473ff107497646","/static/media/repair.6b79615b.jpg":"15a8eaa1d896597d85fe750bbefd9eb9e5d489ca35945a1cd372463392d63077","/static/media/security.f3d7c43f.jpg":"670a01d3bb835755370cd80ca674d2f553b9b4f7f846694a495ecb47f95b54cb","/static/media/wilson.7f2a53ae.png":"d17ead2148b90e657b71270fc175b520eb9617e2500674fa8cb0a835b8f3bd69"}}
[debug] [2021-04-21T10:01:09.082Z] <<< [apiv2][status] POST https://firebasehosting.googleapis.com/v1beta1/sites/repair-guru-sz/versions/97ad8a7e86fba2ff:populateFiles 200
[debug] [2021-04-21T10:01:09.083Z] <<< [apiv2][body] POST https://firebasehosting.googleapis.com/v1beta1/sites/repair-guru-sz/versions/97ad8a7e86fba2ff:populateFiles {"uploadRequiredHashes":["19498cc608712c78a76d658f1b1de90d1e9d25542ba909687d4fbe448488093b"],"uploadUrl":"https://upload-firebasehosting.googleapis.com/upload/sites/repair-guru-sz/versions/97ad8a7e86fba2ff/files"}
[debug] [2021-04-21T10:01:09.092Z] >>> [apiv2][query] POST https://upload-firebasehosting.googleapis.com/upload/sites/repair-guru-sz/versions/97ad8a7e86fba2ff/files/19498cc608712c78a76d658f1b1de90d1e9d25542ba909687d4fbe448488093b [none]
[debug] [2021-04-21T10:01:09.092Z] >>> [apiv2][body] POST https://upload-firebasehosting.googleapis.com/upload/sites/repair-guru-sz/versions/97ad8a7e86fba2ff/files/19498cc608712c78a76d658f1b1de90d1e9d25542ba909687d4fbe448488093b [stream]
[debug] [2021-04-21T10:01:09.093Z] [hosting][populate queue][FINAL] {"max":4719,"min":4719,"avg":4719,"active":0,"complete":1,"success":1,"errored":0,"retried":0,"total":1,"elapsed":4720}
[debug] [2021-04-21T10:01:09.093Z] [hosting] uploads queued: 1
